2020-07-31T01:58:11.778Z [my-label-api] info: API Started and file created.
2020-07-31T01:58:33.970Z [my-label-api] info: POST /accounts - {"id":1,"name":"Guilherme","balance":5000}
2020-07-31T01:58:42.263Z [my-label-api] info: POST /accounts - {"id":2,"name":"Mathew","balance":54000}
2020-07-31T01:58:52.136Z [my-label-api] info: POST /accounts - {"id":3,"name":"Theodor","balance":400}
2020-07-31T01:59:00.946Z [my-label-api] info: POST /accounts - {"id":4,"name":"Isadora","balance":80000}
2020-07-31T01:59:11.930Z [my-label-api] info: GET /accounts - 4
2020-08-01T14:16:34.193Z [my-label-api] info: API Started.
2020-08-01T14:17:02.339Z [my-label-api] info: GET /accounts - 4
2020-08-01T14:20:03.873Z [my-label-api] info: GET /accounts
2020-08-01T14:48:28.108Z [my-label-api] info: GET /accounts
2020-08-01T15:20:45.263Z [my-label-api] error: PATCH /accounts - Couldn't find the record.
2020-08-01T15:20:51.217Z [my-label-api] info: PATCH /accounts - {"id":1,"name":"Guilherme","balance":5500}
2020-08-01T15:24:40.992Z [my-label-api] info: GET /accounts - 4
2020-08-01T15:24:42.866Z [my-label-api] info: GET /accounts - 4
2020-08-01T15:28:40.547Z [my-label-api] info: GET /accounts
2020-08-01T15:28:56.787Z [my-label-api] info: DELETE /accounts - 3
2020-08-01T15:38:16.542Z [my-label-api] info: API Started.
2020-08-01T15:38:18.914Z [my-label-api] info: API Started.
2020-08-01T15:38:25.522Z [my-label-api] info: API Started.
2020-08-01T15:38:30.392Z [my-label-api] info: API Started.
2020-08-01T15:38:33.262Z [my-label-api] info: API Started.
2020-08-01T15:38:35.956Z [my-label-api] info: API Started.
2020-08-01T15:38:39.077Z [my-label-api] info: API Started.
2020-08-01T15:38:45.515Z [my-label-api] info: API Started.
2020-08-01T15:38:57.282Z [my-label-api] info: API Started.
2020-08-01T15:39:01.571Z [my-label-api] info: API Started.
2020-08-01T15:47:56.403Z [my-label-api] info: API Started.
